<?xml version="1.0" encoding="UTF-8"?>
<!-- Generated by org.testng.reporters.JUnitReportReporter -->
<testsuite hostname="LAPTOP-ENIQC0UT" failures="0" tests="1" name="General_Store_HybridAppOperations.HybridAppTest" time="37.359" errors="0" timestamp="2023-06-16T13:09:38 IST" skipped="0">
  <testcase classname="General_Store_HybridAppOperations.HybridAppTest" name="hybridAppTest" time="37.359"/>
  <system-out/>
</testsuite> <!-- General_Store_HybridAppOperations.HybridAppTest -->
