<?xml version="1.0" encoding="UTF-8"?>
<!-- Generated by org.testng.reporters.JUnitReportReporter -->
<testsuite hostname="LAPTOP-ENIQC0UT" failures="0" tests="1" name="General_Store_CartPageTest.CartPageTest" time="25.490" errors="0" timestamp="2023-06-16T13:08:16 IST" skipped="0">
  <testcase classname="General_Store_CartPageTest.CartPageTest" name="cartPageTest" time="25.490"/>
  <system-out/>
</testsuite> <!-- General_Store_CartPageTest.CartPageTest -->
